KMM_CR.py 'rbf'
B: 0, acc: 0.6488409456047739
B: 1, acc: 0.6495294927702547
B: 2, acc: 0.6497590084920817
B: 3, acc: 0.6511361028230434
B: 4, acc: 0.6499885242139086
B: 5, acc: 0.64838191416112
B: 6, acc: 0.6453982097773697
B: 7, acc: 0.6431030525591003
B: 8, acc: 0.639889832453523
B: 9, acc: 0.635988065182465
B: 10, acc: 0.6334633922423686

KMM_CR.py 'linear'
B: 0.0, acc: 0.6488409456047739
B: 1.0, acc: 0.6456277254991967
B: 2.0, acc: 0.326371356437916
B: 3.0, acc: 0.05370667890750516
B: 4.0, acc: 0.017902226302501722
B: 5.0, acc: 0.018131742024328667
B: 6.0, acc: 0.017902226302501722
B: 7.0, acc: 0.017672710580674777
B: 8.0, acc: 0.017672710580674777
B: 9.0, acc: 0.017672710580674777
B: 10.0, acc: 0.017672710580674777


KMM_AR 'rbf'
B: 0.0, acc: 0.7436309387193023
B: 1.0, acc: 0.7417948129446867
B: 2.0, acc: 0.7369749827863209
B: 3.0, acc: 0.7369749827863209
B: 4.0, acc: 0.736515951342667
5.0, acc: 0.7351388570117053
B: 6.0, acc: 0.732155152627955
7.0, acc: 0.7289419325223778
8.0, acc: 0.7257287124168006
9.0, acc: 0.7211383979802617
10.0, acc: 0.7149414734909342

JDA_CR
dim:20, acc=0.6008721597429424
dim:50, acc=0.6518246499885242
dim:100, acc=0.6589396373651595
lamb:10, acc=0.6284140463621758
lamb:0.1, acc=0.6515951342666972
DIM:100, lamb:0,1, 0.6727105806747762

JDA_AR
dim:100, lamb 0.1, acc=0.7537296304796879

BDA_CR
dim:100, lamb:0.1, acc=0.6727105806747762

BDA_AR
dim:100, lamb:0.1, acc=0.7537296304796879